------->
Tipo: <class 'modelo.senial.SenialPila'>
Id: 200
Descripcion: jjjj
fecha_adquisicion: None
2023-06-14 19:17:00.873993
Antes de hacer la persistencia
------->
Tipo: <class 'modelo.senial.SenialPila'>
Id: 200
Descripcion: jjjj
fecha_adquisicion: None
2023-06-14 19:17:00.875347
Se realizó la persistencia
------->
Tipo: <class 'modelo.senial.Senial'>
Id: 
Descripcion: 
fecha_adquisicion: None
2023-06-14 19:17:20.235102
Antes de recuperar la senial
------->
Tipo: <class 'modelo.senial.Senial'>
Id: 200
Descripcion: jjjj
fecha_adquisicion: None
2023-06-14 19:17:20.238356
Se realizó la recuperacion
------->
Tipo: <class 'modelo.senial.SenialPila'>
Id: 3000
Descripcion: pppp
fecha_adquisicion: None
2023-06-14 19:17:34.490129
Antes de hacer la persistencia
------->
Tipo: <class 'modelo.senial.SenialPila'>
Id: 3000
Descripcion: pppp
fecha_adquisicion: None
2023-06-14 19:17:34.491025
Se realizó la persistencia
------->
Tipo: <class 'modelo.senial.Senial'>
Id: 
Descripcion: 
fecha_adquisicion: None
2023-06-14 19:18:04.373352
Antes de recuperar la senial
------->
Tipo: <class 'modelo.senial.Senial'>
Id: 
Descripcion: 
fecha_adquisicion: None
2023-06-14 19:18:04.374128
Error al recuperar
